Jan 08, 2021 5:10:42 PM ServletCommunications.ReturnDetails <init>
INFO: RD: connection made
Jan 08, 2021 5:10:43 PM ClientPages.PointOfSalePage$1 actionPerformed
INFO: Accessed Servlet and Database for product details
Jan 08, 2021 5:10:48 PM ClientPages.PointOfSalePage$2 actionPerformed
INFO: Added product details to product list
Jan 08, 2021 5:10:55 PM ClientPages.PointOfSalePage$3 actionPerformed
INFO: Removed product details from product list
Jan 08, 2021 5:11:03 PM ClientPages.PointOfSalePage$2 actionPerformed
INFO: Added product details to product list
Jan 08, 2021 5:11:11 PM ClientPages.PointOfSalePage$2 actionPerformed
INFO: Added product details to product list
Jan 08, 2021 5:11:14 PM ClientPages.PointOfSalePage$3 actionPerformed
INFO: Removed product details from product list
Jan 08, 2021 5:11:23 PM ServletCommunications.UpdateQuant <init>
INFO: UQ: connection made
Jan 08, 2021 5:11:24 PM ClientPages.PointOfSalePage$4 actionPerformed
INFO: Accessed server and database to update product details
Jan 08, 2021 5:11:27 PM ServletCommunications.CheckProfit <init>
INFO: CP: connection made
